{"/mnt/c/front/frontend-project-46/bin/gendiff.js": {"path":"/mnt/c/front/frontend-project-46/bin/gendiff.js","statementMap":{"0":{"start":{"line":4,"column":15},"end":{"line":4,"column":42}},"1":{"start":{"line":5,"column":15},"end":{"line":5,"column":42}},"2":{"start":{"line":6,"column":15},"end":{"line":6,"column":34}},"3":{"start":{"line":7,"column":2},"end":{"line":7,"column":49}}},"fnMap":{"0":{"name":"(anonymous_0)","decl":{"start":{"line":3,"column":15},"end":{"line":3,"column":16}},"loc":{"start":{"line":3,"column":41},"end":{"line":8,"column":1}},"line":3}},"branchMap":{},"s":{"0":1,"1":1,"2":1,"3":1},"f":{"0":1},"b":{},"_coverageSchema":"1a1c01bbd47fc00a2c39e90264f33305004495a9","hash":"bb87d461c64efa0041c495130062d5c4454cba99"}
,"/mnt/c/front/frontend-project-46/src/cli.js": {"path":"/mnt/c/front/frontend-project-46/src/cli.js","statementMap":{"0":{"start":{"line":4,"column":16},"end":{"line":28,"column":1}},"1":{"start":{"line":5,"column":21},"end":{"line":5,"column":66}},"2":{"start":{"line":6,"column":15},"end":{"line":6,"column":40}},"3":{"start":{"line":8,"column":17},"end":{"line":26,"column":8}},"4":{"start":{"line":9,"column":25},"end":{"line":9,"column":47}},"5":{"start":{"line":10,"column":25},"end":{"line":10,"column":47}},"6":{"start":{"line":11,"column":4},"end":{"line":14,"column":5}},"7":{"start":{"line":12,"column":6},"end":{"line":12,"column":38}},"8":{"start":{"line":13,"column":6},"end":{"line":13,"column":17}},"9":{"start":{"line":15,"column":4},"end":{"line":18,"column":5}},"10":{"start":{"line":16,"column":6},"end":{"line":16,"column":38}},"11":{"start":{"line":17,"column":6},"end":{"line":17,"column":17}},"12":{"start":{"line":19,"column":4},"end":{"line":22,"column":5}},"13":{"start":{"line":20,"column":6},"end":{"line":20,"column":38}},"14":{"start":{"line":21,"column":6},"end":{"line":21,"column":17}},"15":{"start":{"line":23,"column":4},"end":{"line":23,"column":36}},"16":{"start":{"line":24,"column":4},"end":{"line":24,"column":36}},"17":{"start":{"line":25,"column":4},"end":{"line":25,"column":15}},"18":{"start":{"line":27,"column":2},"end":{"line":27,"column":27}},"19":{"start":{"line":30,"column":25},"end":{"line":38,"column":1}},"20":{"start":{"line":31,"column":25},"end":{"line":31,"column":43}},"21":{"start":{"line":32,"column":2},"end":{"line":37,"column":3}},"22":{"start":{"line":34,"column":6},"end":{"line":34,"column":48}},"23":{"start":{"line":36,"column":6},"end":{"line":36,"column":55}},"24":{"start":{"line":40,"column":20},"end":{"line":43,"column":1}},"25":{"start":{"line":41,"column":14},"end":{"line":41,"column":64}},"26":{"start":{"line":42,"column":2},"end":{"line":42,"column":13}}},"fnMap":{"0":{"name":"(anonymous_0)","decl":{"start":{"line":4,"column":16},"end":{"line":4,"column":17}},"loc":{"start":{"line":4,"column":32},"end":{"line":28,"column":1}},"line":4},"1":{"name":"(anonymous_1)","decl":{"start":{"line":8,"column":29},"end":{"line":8,"column":30}},"loc":{"start":{"line":8,"column":43},"end":{"line":26,"column":3}},"line":8},"2":{"name":"(anonymous_2)","decl":{"start":{"line":30,"column":25},"end":{"line":30,"column":26}},"loc":{"start":{"line":30,"column":54},"end":{"line":38,"column":1}},"line":30},"3":{"name":"(anonymous_3)","decl":{"start":{"line":40,"column":20},"end":{"line":40,"column":21}},"loc":{"start":{"line":40,"column":52},"end":{"line":43,"column":1}},"line":40}},"branchMap":{"0":{"loc":{"start":{"line":11,"column":4},"end":{"line":14,"column":5}},"type":"if","locations":[{"start":{"line":11,"column":4},"end":{"line":14,"column":5}},{"start":{},"end":{}}],"line":11},"1":{"loc":{"start":{"line":15,"column":4},"end":{"line":18,"column":5}},"type":"if","locations":[{"start":{"line":15,"column":4},"end":{"line":18,"column":5}},{"start":{},"end":{}}],"line":15},"2":{"loc":{"start":{"line":19,"column":4},"end":{"line":22,"column":5}},"type":"if","locations":[{"start":{"line":19,"column":4},"end":{"line":22,"column":5}},{"start":{},"end":{}}],"line":19},"3":{"loc":{"start":{"line":30,"column":36},"end":{"line":30,"column":49}},"type":"default-arg","locations":[{"start":{"line":30,"column":43},"end":{"line":30,"column":49}}],"line":30},"4":{"loc":{"start":{"line":32,"column":2},"end":{"line":37,"column":3}},"type":"switch","locations":[{"start":{"line":33,"column":4},"end":{"line":34,"column":48}},{"start":{"line":35,"column":4},"end":{"line":36,"column":55}}],"line":32}},"s":{"0":1,"1":1,"2":1,"3":1,"4":5,"5":5,"6":5,"7":1,"8":1,"9":4,"10":2,"11":2,"12":2,"13":1,"14":1,"15":1,"16":1,"17":1,"18":1,"19":1,"20":2,"21":2,"22":2,"23":0,"24":1,"25":1,"26":1},"f":{"0":1,"1":5,"2":2,"3":1},"b":{"0":[1,4],"1":[2,2],"2":[1,1],"3":[2],"4":[2,0]},"_coverageSchema":"1a1c01bbd47fc00a2c39e90264f33305004495a9","hash":"7c8cac37ffcc96f80f9bbec708be6c44a2a5b9f1"}
}
