{"/mnt/c/front/frontend-project-46/bin/gendiff.js": {"path":"/mnt/c/front/frontend-project-46/bin/gendiff.js","statementMap":{"0":{"start":{"line":6,"column":15},"end":{"line":6,"column":32}},"1":{"start":{"line":7,"column":15},"end":{"line":7,"column":32}},"2":{"start":{"line":8,"column":15},"end":{"line":8,"column":34}},"3":{"start":{"line":9,"column":22},"end":{"line":9,"column":35}},"4":{"start":{"line":10,"column":2},"end":{"line":10,"column":64}}},"fnMap":{"0":{"name":"(anonymous_0)","decl":{"start":{"line":5,"column":15},"end":{"line":5,"column":16}},"loc":{"start":{"line":5,"column":41},"end":{"line":11,"column":1}},"line":5}},"branchMap":{},"s":{"0":2,"1":2,"2":2,"3":2,"4":2},"f":{"0":2},"b":{},"_coverageSchema":"1a1c01bbd47fc00a2c39e90264f33305004495a9","hash":"d6abfee1eeec5ea64967e6e5580bd0b9d995b727"}
,"/mnt/c/front/frontend-project-46/src/cli.js": {"path":"/mnt/c/front/frontend-project-46/src/cli.js","statementMap":{"0":{"start":{"line":4,"column":20},"end":{"line":10,"column":1}},"1":{"start":{"line":5,"column":17},"end":{"line":8,"column":8}},"2":{"start":{"line":6,"column":4},"end":{"line":6,"column":74}},"3":{"start":{"line":6,"column":27},"end":{"line":6,"column":74}},"4":{"start":{"line":7,"column":4},"end":{"line":7,"column":38}},"5":{"start":{"line":9,"column":2},"end":{"line":9,"column":25}},"6":{"start":{"line":12,"column":16},"end":{"line":53,"column":1}},"7":{"start":{"line":13,"column":21},"end":{"line":13,"column":66}},"8":{"start":{"line":14,"column":15},"end":{"line":14,"column":40}},"9":{"start":{"line":16,"column":15},"end":{"line":51,"column":8}},"10":{"start":{"line":17,"column":4},"end":{"line":21,"column":5}},"11":{"start":{"line":18,"column":22},"end":{"line":18,"column":51}},"12":{"start":{"line":19,"column":6},"end":{"line":19,"column":43}},"13":{"start":{"line":20,"column":6},"end":{"line":20,"column":17}},"14":{"start":{"line":23,"column":4},"end":{"line":27,"column":5}},"15":{"start":{"line":24,"column":6},"end":{"line":24,"column":54}},"16":{"start":{"line":25,"column":6},"end":{"line":25,"column":63}},"17":{"start":{"line":25,"column":28},"end":{"line":25,"column":63}},"18":{"start":{"line":26,"column":6},"end":{"line":26,"column":17}},"19":{"start":{"line":29,"column":4},"end":{"line":32,"column":5}},"20":{"start":{"line":30,"column":6},"end":{"line":30,"column":54}},"21":{"start":{"line":31,"column":6},"end":{"line":31,"column":17}},"22":{"start":{"line":34,"column":25},"end":{"line":34,"column":47}},"23":{"start":{"line":35,"column":25},"end":{"line":35,"column":47}},"24":{"start":{"line":36,"column":4},"end":{"line":39,"column":5}},"25":{"start":{"line":37,"column":6},"end":{"line":37,"column":36}},"26":{"start":{"line":38,"column":6},"end":{"line":38,"column":17}},"27":{"start":{"line":40,"column":4},"end":{"line":43,"column":5}},"28":{"start":{"line":41,"column":6},"end":{"line":41,"column":36}},"29":{"start":{"line":42,"column":6},"end":{"line":42,"column":17}},"30":{"start":{"line":44,"column":4},"end":{"line":47,"column":5}},"31":{"start":{"line":45,"column":6},"end":{"line":45,"column":34}},"32":{"start":{"line":46,"column":6},"end":{"line":46,"column":17}},"33":{"start":{"line":48,"column":4},"end":{"line":48,"column":34}},"34":{"start":{"line":49,"column":4},"end":{"line":49,"column":34}},"35":{"start":{"line":50,"column":4},"end":{"line":50,"column":15}},"36":{"start":{"line":52,"column":2},"end":{"line":52,"column":25}},"37":{"start":{"line":55,"column":28},"end":{"line":60,"column":1}},"38":{"start":{"line":56,"column":20},"end":{"line":56,"column":44}},"39":{"start":{"line":57,"column":20},"end":{"line":57,"column":44}},"40":{"start":{"line":58,"column":14},"end":{"line":58,"column":60}},"41":{"start":{"line":59,"column":2},"end":{"line":59,"column":13}}},"fnMap":{"0":{"name":"(anonymous_0)","decl":{"start":{"line":4,"column":20},"end":{"line":4,"column":21}},"loc":{"start":{"line":4,"column":29},"end":{"line":10,"column":1}},"line":4},"1":{"name":"(anonymous_1)","decl":{"start":{"line":5,"column":44},"end":{"line":5,"column":45}},"loc":{"start":{"line":5,"column":67},"end":{"line":8,"column":3}},"line":5},"2":{"name":"(anonymous_2)","decl":{"start":{"line":12,"column":16},"end":{"line":12,"column":17}},"loc":{"start":{"line":12,"column":32},"end":{"line":53,"column":1}},"line":12},"3":{"name":"(anonymous_3)","decl":{"start":{"line":16,"column":27},"end":{"line":16,"column":28}},"loc":{"start":{"line":16,"column":41},"end":{"line":51,"column":3}},"line":16},"4":{"name":"(anonymous_4)","decl":{"start":{"line":55,"column":28},"end":{"line":55,"column":29}},"loc":{"start":{"line":55,"column":60},"end":{"line":60,"column":1}},"line":55}},"branchMap":{"0":{"loc":{"start":{"line":6,"column":4},"end":{"line":6,"column":74}},"type":"if","locations":[{"start":{"line":6,"column":4},"end":{"line":6,"column":74}},{"start":{},"end":{}}],"line":6},"1":{"loc":{"start":{"line":17,"column":4},"end":{"line":21,"column":5}},"type":"if","locations":[{"start":{"line":17,"column":4},"end":{"line":21,"column":5}},{"start":{},"end":{}}],"line":17},"2":{"loc":{"start":{"line":17,"column":8},"end":{"line":17,"column":54}},"type":"binary-expr","locations":[{"start":{"line":17,"column":8},"end":{"line":17,"column":29}},{"start":{"line":17,"column":33},"end":{"line":17,"column":54}}],"line":17},"3":{"loc":{"start":{"line":23,"column":4},"end":{"line":27,"column":5}},"type":"if","locations":[{"start":{"line":23,"column":4},"end":{"line":27,"column":5}},{"start":{},"end":{}}],"line":23},"4":{"loc":{"start":{"line":23,"column":8},"end":{"line":23,"column":55}},"type":"binary-expr","locations":[{"start":{"line":23,"column":8},"end":{"line":23,"column":29}},{"start":{"line":23,"column":33},"end":{"line":23,"column":55}}],"line":23},"5":{"loc":{"start":{"line":25,"column":6},"end":{"line":25,"column":63}},"type":"if","locations":[{"start":{"line":25,"column":6},"end":{"line":25,"column":63}},{"start":{},"end":{}}],"line":25},"6":{"loc":{"start":{"line":29,"column":4},"end":{"line":32,"column":5}},"type":"if","locations":[{"start":{"line":29,"column":4},"end":{"line":32,"column":5}},{"start":{},"end":{}}],"line":29},"7":{"loc":{"start":{"line":29,"column":8},"end":{"line":29,"column":55}},"type":"binary-expr","locations":[{"start":{"line":29,"column":8},"end":{"line":29,"column":30}},{"start":{"line":29,"column":34},"end":{"line":29,"column":55}}],"line":29},"8":{"loc":{"start":{"line":36,"column":4},"end":{"line":39,"column":5}},"type":"if","locations":[{"start":{"line":36,"column":4},"end":{"line":39,"column":5}},{"start":{},"end":{}}],"line":36},"9":{"loc":{"start":{"line":40,"column":4},"end":{"line":43,"column":5}},"type":"if","locations":[{"start":{"line":40,"column":4},"end":{"line":43,"column":5}},{"start":{},"end":{}}],"line":40},"10":{"loc":{"start":{"line":44,"column":4},"end":{"line":47,"column":5}},"type":"if","locations":[{"start":{"line":44,"column":4},"end":{"line":47,"column":5}},{"start":{},"end":{}}],"line":44}},"s":{"0":1,"1":14,"2":18,"3":6,"4":12,"5":14,"6":1,"7":10,"8":10,"9":10,"10":36,"11":8,"12":8,"13":8,"14":28,"15":4,"16":4,"17":2,"18":4,"19":24,"20":4,"21":4,"22":20,"23":20,"24":20,"25":6,"26":6,"27":14,"28":2,"29":2,"30":12,"31":6,"32":6,"33":6,"34":6,"35":6,"36":10,"37":1,"38":2,"39":2,"40":2,"41":2},"f":{"0":14,"1":18,"2":10,"3":36,"4":2},"b":{"0":[6,12],"1":[8,28],"2":[36,12],"3":[4,24],"4":[28,4],"5":[2,2],"6":[4,20],"7":[24,24],"8":[6,14],"9":[2,12],"10":[6,6]},"_coverageSchema":"1a1c01bbd47fc00a2c39e90264f33305004495a9","hash":"b135fc549a31f74f981dbd70d50a3fcae760ea33"}
,"/mnt/c/front/frontend-project-46/src/parsers.js": {"path":"/mnt/c/front/frontend-project-46/src/parsers.js","statementMap":{"0":{"start":{"line":5,"column":15},"end":{"line":17,"column":1}},"1":{"start":{"line":6,"column":15},"end":{"line":6,"column":37}},"2":{"start":{"line":7,"column":2},"end":{"line":16,"column":3}},"3":{"start":{"line":9,"column":6},"end":{"line":9,"column":48}},"4":{"start":{"line":11,"column":6},"end":{"line":11,"column":47}},"5":{"start":{"line":13,"column":6},"end":{"line":13,"column":47}},"6":{"start":{"line":15,"column":6},"end":{"line":15,"column":55}}},"fnMap":{"0":{"name":"(anonymous_0)","decl":{"start":{"line":5,"column":15},"end":{"line":5,"column":16}},"loc":{"start":{"line":5,"column":29},"end":{"line":17,"column":1}},"line":5}},"branchMap":{"0":{"loc":{"start":{"line":7,"column":2},"end":{"line":16,"column":3}},"type":"switch","locations":[{"start":{"line":8,"column":4},"end":{"line":9,"column":48}},{"start":{"line":10,"column":4},"end":{"line":11,"column":47}},{"start":{"line":12,"column":4},"end":{"line":13,"column":47}},{"start":{"line":14,"column":4},"end":{"line":15,"column":55}}],"line":7}},"s":{"0":1,"1":4,"2":4,"3":2,"4":2,"5":0,"6":0},"f":{"0":4},"b":{"0":[2,2,0,0]},"_coverageSchema":"1a1c01bbd47fc00a2c39e90264f33305004495a9","hash":"0e123ad610c895516843060ac871ef13de82eea1"}
,"/mnt/c/front/frontend-project-46/src/stylish.js": {"path":"/mnt/c/front/frontend-project-46/src/stylish.js","statementMap":{"0":{"start":{"line":3,"column":16},"end":{"line":20,"column":1}},"1":{"start":{"line":4,"column":23},"end":{"line":4,"column":38}},"2":{"start":{"line":5,"column":14},"end":{"line":5,"column":15}},"3":{"start":{"line":7,"column":19},"end":{"line":7,"column":43}},"4":{"start":{"line":9,"column":17},"end":{"line":17,"column":8}},"5":{"start":{"line":10,"column":4},"end":{"line":10,"column":62}},"6":{"start":{"line":10,"column":48},"end":{"line":10,"column":62}},"7":{"start":{"line":11,"column":4},"end":{"line":11,"column":38}},"8":{"start":{"line":11,"column":27},"end":{"line":11,"column":38}},"9":{"start":{"line":12,"column":21},"end":{"line":12,"column":68}},"10":{"start":{"line":13,"column":4},"end":{"line":13,"column":44}},"11":{"start":{"line":14,"column":4},"end":{"line":14,"column":38}},"12":{"start":{"line":14,"column":27},"end":{"line":14,"column":38}},"13":{"start":{"line":15,"column":4},"end":{"line":15,"column":18}},"14":{"start":{"line":16,"column":4},"end":{"line":16,"column":15}},"15":{"start":{"line":19,"column":2},"end":{"line":19,"column":27}}},"fnMap":{"0":{"name":"(anonymous_0)","decl":{"start":{"line":3,"column":16},"end":{"line":3,"column":17}},"loc":{"start":{"line":3,"column":48},"end":{"line":20,"column":1}},"line":3},"1":{"name":"(anonymous_1)","decl":{"start":{"line":9,"column":33},"end":{"line":9,"column":34}},"loc":{"start":{"line":9,"column":47},"end":{"line":17,"column":3}},"line":9}},"branchMap":{"0":{"loc":{"start":{"line":3,"column":23},"end":{"line":3,"column":43}},"type":"default-arg","locations":[{"start":{"line":3,"column":40},"end":{"line":3,"column":43}}],"line":3},"1":{"loc":{"start":{"line":10,"column":4},"end":{"line":10,"column":62}},"type":"if","locations":[{"start":{"line":10,"column":4},"end":{"line":10,"column":62}},{"start":{},"end":{}}],"line":10},"2":{"loc":{"start":{"line":10,"column":8},"end":{"line":10,"column":46}},"type":"binary-expr","locations":[{"start":{"line":10,"column":8},"end":{"line":10,"column":25}},{"start":{"line":10,"column":29},"end":{"line":10,"column":46}}],"line":10},"3":{"loc":{"start":{"line":11,"column":4},"end":{"line":11,"column":38}},"type":"if","locations":[{"start":{"line":11,"column":4},"end":{"line":11,"column":38}},{"start":{},"end":{}}],"line":11},"4":{"loc":{"start":{"line":14,"column":4},"end":{"line":14,"column":38}},"type":"if","locations":[{"start":{"line":14,"column":4},"end":{"line":14,"column":38}},{"start":{},"end":{}}],"line":14}},"s":{"0":1,"1":2,"2":2,"3":2,"4":2,"5":88,"6":30,"7":88,"8":24,"9":88,"10":88,"11":88,"12":24,"13":88,"14":88,"15":2},"f":{"0":2,"1":88},"b":{"0":[2],"1":[30,58],"2":[88,76],"3":[24,64],"4":[24,64]},"_coverageSchema":"1a1c01bbd47fc00a2c39e90264f33305004495a9","hash":"6584381366e14da997dd7e354e2ddddc971be432"}
}
