TN:
SF:bin/gendiff.js
FN:5,(anonymous_0)
FNF:1
FNH:1
FNDA:2,(anonymous_0)
DA:6,2
DA:7,2
DA:8,2
DA:9,2
DA:10,2
LF:5
LH:5
BRF:0
BRH:0
end_of_record
TN:
SF:src/cli.js
FN:4,(anonymous_0)
FN:5,(anonymous_1)
FN:12,(anonymous_2)
FN:16,(anonymous_3)
FN:55,(anonymous_4)
FNF:5
FNH:5
FNDA:14,(anonymous_0)
FNDA:18,(anonymous_1)
FNDA:10,(anonymous_2)
FNDA:36,(anonymous_3)
FNDA:2,(anonymous_4)
DA:4,1
DA:5,14
DA:6,18
DA:7,12
DA:9,14
DA:12,1
DA:13,10
DA:14,10
DA:16,10
DA:17,36
DA:18,8
DA:19,8
DA:20,8
DA:23,28
DA:24,4
DA:25,4
DA:26,4
DA:29,24
DA:30,4
DA:31,4
DA:34,20
DA:35,20
DA:36,20
DA:37,6
DA:38,6
DA:40,14
DA:41,2
DA:42,2
DA:44,12
DA:45,6
DA:46,6
DA:48,6
DA:49,6
DA:50,6
DA:52,10
DA:55,1
DA:56,2
DA:57,2
DA:58,2
DA:59,2
LF:40
LH:40
BRDA:6,0,0,6
BRDA:6,0,1,12
BRDA:17,1,0,8
BRDA:17,1,1,28
BRDA:17,2,0,36
BRDA:17,2,1,12
BRDA:23,3,0,4
BRDA:23,3,1,24
BRDA:23,4,0,28
BRDA:23,4,1,4
BRDA:25,5,0,2
BRDA:25,5,1,2
BRDA:29,6,0,4
BRDA:29,6,1,20
BRDA:29,7,0,24
BRDA:29,7,1,24
BRDA:36,8,0,6
BRDA:36,8,1,14
BRDA:40,9,0,2
BRDA:40,9,1,12
BRDA:44,10,0,6
BRDA:44,10,1,6
BRF:22
BRH:22
end_of_record
TN:
SF:src/parsers.js
FN:5,(anonymous_0)
FNF:1
FNH:1
FNDA:4,(anonymous_0)
DA:5,1
DA:6,4
DA:7,4
DA:9,2
DA:11,2
DA:13,0
DA:15,0
LF:7
LH:5
BRDA:7,0,0,2
BRDA:7,0,1,2
BRDA:7,0,2,0
BRDA:7,0,3,0
BRF:4
BRH:2
end_of_record
TN:
SF:src/stylish.js
FN:3,(anonymous_0)
FN:9,(anonymous_1)
FNF:2
FNH:2
FNDA:2,(anonymous_0)
FNDA:88,(anonymous_1)
DA:3,1
DA:4,2
DA:5,2
DA:7,2
DA:9,2
DA:10,88
DA:11,88
DA:12,88
DA:13,88
DA:14,88
DA:15,88
DA:16,88
DA:19,2
LF:13
LH:13
BRDA:3,0,0,2
BRDA:10,1,0,30
BRDA:10,1,1,58
BRDA:10,2,0,88
BRDA:10,2,1,76
BRDA:11,3,0,24
BRDA:11,3,1,64
BRDA:14,4,0,24
BRDA:14,4,1,64
BRF:9
BRH:9
end_of_record
